# JRE version: Java(TM) SE Runtime Environment (7.0_55-b13) (build 1.7.0_55-b13)
# Java VM: Java HotSpot(TM) 64-Bit Server VM (24.55-b03 mixed mode windows-amd64 compressed oops)
Heap
 PSYoungGen      total 76800K, used 30944K [0x00000007aae80000, 0x00000007b4480000, 0x0000000800000000)
  eden space 66048K, 30% used [0x00000007aae80000,0x00000007ac23b770,0x00000007aef00000)
  from space 10752K, 99% used [0x00000007aef00000,0x00000007af97ca00,0x00000007af980000)
  to   space 10752K, 0% used [0x00000007b3a00000,0x00000007b3a00000,0x00000007b4480000)
 ParOldGen       total 174080K, used 10800K [0x0000000700c00000, 0x000000070b600000, 0x00000007aae80000)
  object space 174080K, 6% used [0x0000000700c00000,0x000000070168c010,0x000000070b600000)
 PSPermGen       total 21504K, used 19187K [0x00000006fba00000, 0x00000006fcf00000, 0x0000000700c00000)
  object space 21504K, 89% used [0x00000006fba00000,0x00000006fccbcee0,0x00000006fcf00000)
GC Heap History (6 events):
Event: 2.062 GC heap before
{Heap before GC invocations=1 (full 0):
 PSYoungGen      total 76800K, used 66048K [0x00000007aae80000, 0x00000007b0400000, 0x0000000800000000)
  eden space 66048K, 100% used [0x00000007aae80000,0x00000007aef00000,0x00000007aef00000)
  from space 10752K, 0% used [0x00000007af980000,0x00000007af980000,0x00000007b0400000)
  to   space 10752K, 0% used [0x00000007aef00000,0x00000007aef00000,0x00000007af980000)
 ParOldGen       total 174080K, used 0K [0x0000000700c00000, 0x000000070b600000, 0x00000007aae80000)
  object space 174080K, 0% used [0x0000000700c00000,0x0000000700c00000,0x000000070b600000)
 PSPermGen       total 21504K, used 18721K [0x00000006fba00000, 0x00000006fcf00000, 0x0000000700c00000)
  object space 21504K, 87% used [0x00000006fba00000,0x00000006fcc487e0,0x00000006fcf00000)
Event: 2.070 GC heap after
Heap after GC invocations=1 (full 0):
 PSYoungGen      total 76800K, used 10721K [0x00000007aae80000, 0x00000007b0400000, 0x0000000800000000)
  eden space 66048K, 0% used [0x00000007aae80000,0x00000007aae80000,0x00000007aef00000)
  from space 10752K, 99% used [0x00000007aef00000,0x00000007af978570,0x00000007af980000)
  to   space 10752K, 0% used [0x00000007af980000,0x00000007af980000,0x00000007b0400000)
 ParOldGen       total 174080K, used 8K [0x0000000700c00000, 0x000000070b600000, 0x00000007aae80000)
  object space 174080K, 0% used [0x0000000700c00000,0x0000000700c02000,0x000000070b600000)
 PSPermGen       total 21504K, used 18721K [0x00000006fba00000, 0x00000006fcf00000, 0x0000000700c00000)
  object space 21504K, 87% used [0x00000006fba00000,0x00000006fcc487e0,0x00000006fcf00000)
}
Event: 2.230 GC heap before
{Heap before GC invocations=2 (full 0):
 PSYoungGen      total 76800K, used 76769K [0x00000007aae80000, 0x00000007b0400000, 0x0000000800000000)
  eden space 66048K, 100% used [0x00000007aae80000,0x00000007aef00000,0x00000007aef00000)
  from space 10752K, 99% used [0x00000007aef00000,0x00000007af978570,0x00000007af980000)
  to   space 10752K, 0% used [0x00000007af980000,0x00000007af980000,0x00000007b0400000)
 ParOldGen       total 174080K, used 8K [0x0000000700c00000, 0x000000070b600000, 0x00000007aae80000)
  object space 174080K, 0% used [0x0000000700c00000,0x0000000700c02000,0x000000070b600000)
 PSPermGen       total 21504K, used 18766K [0x00000006fba00000, 0x00000006fcf00000, 0x0000000700c00000)
  object space 21504K, 87% used [0x00000006fba00000,0x00000006fcc53ba0,0x00000006fcf00000)
Event: 2.254 GC heap after
Heap after GC invocations=2 (full 0):
 PSYoungGen      total 76800K, used 10722K [0x00000007aae80000, 0x00000007b4480000, 0x0000000800000000)
  eden space 66048K, 0% used [0x00000007aae80000,0x00000007aae80000,0x00000007aef00000)
  from space 10752K, 99% used [0x00000007af980000,0x00000007b03f89f0,0x00000007b0400000)
  to   space 10752K, 0% used [0x00000007aef00000,0x00000007aef00000,0x00000007af980000)
 ParOldGen       total 174080K, used 3720K [0x0000000700c00000, 0x000000070b600000, 0x00000007aae80000)
  object space 174080K, 2% used [0x0000000700c00000,0x0000000700fa2010,0x000000070b600000)
 PSPermGen       total 21504K, used 18766K [0x00000006fba00000, 0x00000006fcf00000, 0x0000000700c00000)
  object space 21504K, 87% used [0x00000006fba00000,0x00000006fcc53ba0,0x00000006fcf00000)
}
Event: 2.325 GC heap before
{Heap before GC invocations=3 (full 0):
 PSYoungGen      total 76800K, used 76770K [0x00000007aae80000, 0x00000007b4480000, 0x0000000800000000)
  eden space 66048K, 100% used [0x00000007aae80000,0x00000007aef00000,0x00000007aef00000)
  from space 10752K, 99% used [0x00000007af980000,0x00000007b03f89f0,0x00000007b0400000)
  to   space 10752K, 0% used [0x00000007aef00000,0x00000007aef00000,0x00000007af980000)
 ParOldGen       total 174080K, used 3720K [0x0000000700c00000, 0x000000070b600000, 0x00000007aae80000)
  object space 174080K, 2% used [0x0000000700c00000,0x0000000700fa2010,0x000000070b600000)
 PSPermGen       total 21504K, used 18767K [0x00000006fba00000, 0x00000006fcf00000, 0x0000000700c00000)
  object space 21504K, 87% used [0x00000006fba00000,0x00000006fcc53f80,0x00000006fcf00000)
Event: 2.336 GC heap after
Heap after GC invocations=3 (full 0):
 PSYoungGen      total 76800K, used 10738K [0x00000007aae80000, 0x00000007b4480000, 0x0000000800000000)
  eden space 66048K, 0% used [0x00000007aae80000,0x00000007aae80000,0x00000007aef00000)
  from space 10752K, 99% used [0x00000007aef00000,0x00000007af97ca00,0x00000007af980000)
  to   space 10752K, 0% used [0x00000007b3a00000,0x00000007b3a00000,0x00000007b4480000)
 ParOldGen       total 174080K, used 10800K [0x0000000700c00000, 0x000000070b600000, 0x00000007aae80000)
  object space 174080K, 6% used [0x0000000700c00000,0x000000070168c010,0x000000070b600000)
 PSPermGen       total 21504K, used 18767K [0x00000006fba00000, 0x00000006fcf00000, 0x0000000700c00000)
  object space 21504K, 87% used [0x00000006fba00000,0x00000006fcc53f80,0x00000006fcf00000)
}

