# JRE version: OpenJDK Runtime Environment (7.0_101) (build 1.7.0_101-b00)
# Java VM: OpenJDK 64-Bit Server VM (24.95-b01 mixed mode linux-amd64 compressed oops)
Heap
 PSYoungGen      total 592384K, used 43143K [0x00000007d6e00000, 0x00000007ff780000, 0x0000000800000000)
  eden space 515072K, 5% used [0x00000007d6e00000,0x00000007d8a32ea8,0x00000007f6500000)
  from space 77312K, 18% used [0x00000007f6500000,0x00000007f72eef90,0x00000007fb080000)
  to   space 72704K, 0% used [0x00000007fb080000,0x00000007fb080000,0x00000007ff780000)
 ParOldGen       total 816640K, used 322246K [0x0000000784a00000, 0x00000007b6780000, 0x00000007d6e00000)
  object space 816640K, 39% used [0x0000000784a00000,0x00000007984b1aa8,0x00000007b6780000)
 PSPermGen       total 38400K, used 22746K [0x000000077a400000, 0x000000077c980000, 0x0000000784a00000)
  object space 38400K, 59% used [0x000000077a400000,0x000000077ba36b58,0x000000077c980000)
GC Heap History (10 events):
Event: 9.047 GC heap before
{Heap before GC invocations=18 (full 6):
 PSYoungGen      total 498176K, used 38551K [0x00000007d6e00000, 0x00000007fa280000, 0x0000000800000000)
  eden space 418304K, 0% used [0x00000007d6e00000,0x00000007d6e00000,0x00000007f0680000)
  from space 79872K, 48% used [0x00000007f5480000,0x00000007f7a25dd8,0x00000007fa280000)
  to   space 79872K, 0% used [0x00000007f0680000,0x00000007f0680000,0x00000007f5480000)
 ParOldGen       total 518144K, used 148402K [0x0000000784a00000, 0x00000007a4400000, 0x00000007d6e00000)
  object space 518144K, 28% used [0x0000000784a00000,0x000000078daec9e0,0x00000007a4400000)
 PSPermGen       total 43008K, used 21673K [0x000000077a400000, 0x000000077ce00000, 0x0000000784a00000)
  object space 43008K, 50% used [0x000000077a400000,0x000000077b92a630,0x000000077ce00000)
Event: 9.103 GC heap after
Heap after GC invocations=18 (full 6):
 PSYoungGen      total 498176K, used 0K [0x00000007d6e00000, 0x00000007fa280000, 0x0000000800000000)
  eden space 418304K, 0% used [0x00000007d6e00000,0x00000007d6e00000,0x00000007f0680000)
  from space 79872K, 0% used [0x00000007f5480000,0x00000007f5480000,0x00000007fa280000)
  to   space 79872K, 0% used [0x00000007f0680000,0x00000007f0680000,0x00000007f5480000)
 ParOldGen       total 518144K, used 181520K [0x0000000784a00000, 0x00000007a4400000, 0x00000007d6e00000)
  object space 518144K, 35% used [0x0000000784a00000,0x000000078fb44028,0x00000007a4400000)
 PSPermGen       total 40960K, used 21673K [0x000000077a400000, 0x000000077cc00000, 0x0000000784a00000)
  object space 40960K, 52% used [0x000000077a400000,0x000000077b92a5b0,0x000000077cc00000)
}
Event: 9.371 GC heap before
{Heap before GC invocations=19 (full 6):
 PSYoungGen      total 498176K, used 418304K [0x00000007d6e00000, 0x00000007fa280000, 0x0000000800000000)
  eden space 418304K, 100% used [0x00000007d6e00000,0x00000007f0680000,0x00000007f0680000)
  from space 79872K, 0% used [0x00000007f5480000,0x00000007f5480000,0x00000007fa280000)
  to   space 79872K, 0% used [0x00000007f0680000,0x00000007f0680000,0x00000007f5480000)
 ParOldGen       total 518144K, used 181520K [0x0000000784a00000, 0x00000007a4400000, 0x00000007d6e00000)
  object space 518144K, 35% used [0x0000000784a00000,0x000000078fb44028,0x00000007a4400000)
 PSPermGen       total 40960K, used 21679K [0x000000077a400000, 0x000000077cc00000, 0x0000000784a00000)
  object space 40960K, 52% used [0x000000077a400000,0x000000077b92be58,0x000000077cc00000)
Event: 9.514 GC heap after
Heap after GC invocations=19 (full 6):
 PSYoungGen      total 498176K, used 96K [0x00000007d6e00000, 0x00000007ffe00000, 0x0000000800000000)
  eden space 418304K, 0% used [0x00000007d6e00000,0x00000007d6e00000,0x00000007f0680000)
  from space 79872K, 0% used [0x00000007f0680000,0x00000007f0698000,0x00000007f5480000)
  to   space 78848K, 0% used [0x00000007fb100000,0x00000007fb100000,0x00000007ffe00000)
 ParOldGen       total 658944K, used 603676K [0x0000000784a00000, 0x00000007acd80000, 0x00000007d6e00000)
  object space 658944K, 91% used [0x0000000784a00000,0x00000007a9787188,0x00000007acd80000)
 PSPermGen       total 40960K, used 21679K [0x000000077a400000, 0x000000077cc00000, 0x0000000784a00000)
  object space 40960K, 52% used [0x000000077a400000,0x000000077b92be58,0x000000077cc00000)
}
Event: 9.514 GC heap before
{Heap before GC invocations=20 (full 7):
 PSYoungGen      total 498176K, used 96K [0x00000007d6e00000, 0x00000007ffe00000, 0x0000000800000000)
  eden space 418304K, 0% used [0x00000007d6e00000,0x00000007d6e00000,0x00000007f0680000)
  from space 79872K, 0% used [0x00000007f0680000,0x00000007f0698000,0x00000007f5480000)
  to   space 78848K, 0% used [0x00000007fb100000,0x00000007fb100000,0x00000007ffe00000)
 ParOldGen       total 658944K, used 603676K [0x0000000784a00000, 0x00000007acd80000, 0x00000007d6e00000)
  object space 658944K, 91% used [0x0000000784a00000,0x00000007a9787188,0x00000007acd80000)
 PSPermGen       total 40960K, used 21679K [0x000000077a400000, 0x000000077cc00000, 0x0000000784a00000)
  object space 40960K, 52% used [0x000000077a400000,0x000000077b92be58,0x000000077cc00000)
Event: 9.547 GC heap after
Heap after GC invocations=20 (full 7):
 PSYoungGen      total 498176K, used 0K [0x00000007d6e00000, 0x00000007ffe00000, 0x0000000800000000)
  eden space 418304K, 0% used [0x00000007d6e00000,0x00000007d6e00000,0x00000007f0680000)
  from space 79872K, 0% used [0x00000007f0680000,0x00000007f0680000,0x00000007f5480000)
  to   space 78848K, 0% used [0x00000007fb100000,0x00000007fb100000,0x00000007ffe00000)
 ParOldGen       total 816640K, used 322246K [0x0000000784a00000, 0x00000007b6780000, 0x00000007d6e00000)
  object space 816640K, 39% used [0x0000000784a00000,0x00000007984b1aa8,0x00000007b6780000)
 PSPermGen       total 38400K, used 21679K [0x000000077a400000, 0x000000077c980000, 0x0000000784a00000)
  object space 38400K, 56% used [0x000000077a400000,0x000000077b92be58,0x000000077c980000)
}
Event: 9.897 GC heap before
{Heap before GC invocations=21 (full 7):
 PSYoungGen      total 498176K, used 418304K [0x00000007d6e00000, 0x00000007ffe00000, 0x0000000800000000)
  eden space 418304K, 100% used [0x00000007d6e00000,0x00000007f0680000,0x00000007f0680000)
  from space 79872K, 0% used [0x00000007f0680000,0x00000007f0680000,0x00000007f5480000)
  to   space 78848K, 0% used [0x00000007fb100000,0x00000007fb100000,0x00000007ffe00000)
 ParOldGen       total 816640K, used 322246K [0x0000000784a00000, 0x00000007b6780000, 0x00000007d6e00000)
  object space 816640K, 39% used [0x0000000784a00000,0x00000007984b1aa8,0x00000007b6780000)
 PSPermGen       total 38400K, used 21679K [0x000000077a400000, 0x000000077c980000, 0x0000000784a00000)
  object space 38400K, 56% used [0x000000077a400000,0x000000077b92be58,0x000000077c980000)
Event: 9.898 GC heap after
Heap after GC invocations=21 (full 7):
 PSYoungGen      total 591872K, used 0K [0x00000007d6e00000, 0x00000007ffc00000, 0x0000000800000000)
  eden space 515072K, 0% used [0x00000007d6e00000,0x00000007d6e00000,0x00000007f6500000)
  from space 76800K, 0% used [0x00000007fb100000,0x00000007fb100000,0x00000007ffc00000)
  to   space 77312K, 0% used [0x00000007f6500000,0x00000007f6500000,0x00000007fb080000)
 ParOldGen       total 816640K, used 322246K [0x0000000784a00000, 0x00000007b6780000, 0x00000007d6e00000)
  object space 816640K, 39% used [0x0000000784a00000,0x00000007984b1aa8,0x00000007b6780000)
 PSPermGen       total 38400K, used 21679K [0x000000077a400000, 0x000000077c980000, 0x0000000784a00000)
  object space 38400K, 56% used [0x000000077a400000,0x000000077b92be58,0x000000077c980000)
}
Event: 38.995 GC heap before
{Heap before GC invocations=22 (full 7):
 PSYoungGen      total 591872K, used 515072K [0x00000007d6e00000, 0x00000007ffc00000, 0x0000000800000000)
  eden space 515072K, 100% used [0x00000007d6e00000,0x00000007f6500000,0x00000007f6500000)
  from space 76800K, 0% used [0x00000007fb100000,0x00000007fb100000,0x00000007ffc00000)
  to   space 77312K, 0% used [0x00000007f6500000,0x00000007f6500000,0x00000007fb080000)
 ParOldGen       total 816640K, used 322246K [0x0000000784a00000, 0x00000007b6780000, 0x00000007d6e00000)
  object space 816640K, 39% used [0x0000000784a00000,0x00000007984b1aa8,0x00000007b6780000)
 PSPermGen       total 38400K, used 22699K [0x000000077a400000, 0x000000077c980000, 0x0000000784a00000)
  object space 38400K, 59% used [0x000000077a400000,0x000000077ba2aca8,0x000000077c980000)
Event: 39.004 GC heap after
Heap after GC invocations=22 (full 7):
 PSYoungGen      total 592384K, used 14267K [0x00000007d6e00000, 0x00000007ff780000, 0x0000000800000000)
  eden space 515072K, 0% used [0x00000007d6e00000,0x00000007d6e00000,0x00000007f6500000)
  from space 77312K, 18% used [0x00000007f6500000,0x00000007f72eef90,0x00000007fb080000)
  to   space 72704K, 0% used [0x00000007fb080000,0x00000007fb080000,0x00000007ff780000)
 ParOldGen       total 816640K, used 322246K [0x0000000784a00000, 0x00000007b6780000, 0x00000007d6e00000)
  object space 816640K, 39% used [0x0000000784a00000,0x00000007984b1aa8,0x00000007b6780000)
 PSPermGen       total 38400K, used 22699K [0x000000077a400000, 0x000000077c980000, 0x0000000784a00000)
  object space 38400K, 59% used [0x000000077a400000,0x000000077ba2aca8,0x000000077c980000)
}

