# JRE version: OpenJDK Runtime Environment (7.0_101) (build 1.7.0_101-b00)
# Java VM: OpenJDK 64-Bit Server VM (24.95-b01 mixed mode linux-amd64 compressed oops)
Heap
 PSYoungGen      total 138240K, used 29642K [0x00000007d6e00000, 0x00000007e7680000, 0x0000000800000000)
  eden space 112128K, 26% used [0x00000007d6e00000,0x00000007d8af2bb0,0x00000007ddb80000)
  from space 26112K, 0% used [0x00000007ddb80000,0x00000007ddb80000,0x00000007df500000)
  to   space 28672K, 0% used [0x00000007e5a80000,0x00000007e5a80000,0x00000007e7680000)
 ParOldGen       total 249344K, used 70656K [0x0000000784a00000, 0x0000000793d80000, 0x00000007d6e00000)
  object space 249344K, 28% used [0x0000000784a00000,0x0000000788f00338,0x0000000793d80000)
 PSPermGen       total 45056K, used 22094K [0x000000077a400000, 0x000000077d000000, 0x0000000784a00000)
  object space 45056K, 49% used [0x000000077a400000,0x000000077b993928,0x000000077d000000)
GC Heap History (10 events):
Event: 7.941 GC heap before
{Heap before GC invocations=7 (full 1):
 PSYoungGen      total 69632K, used 69624K [0x00000007d6e00000, 0x00000007e0d00000, 0x0000000800000000)
  eden space 64512K, 100% used [0x00000007d6e00000,0x00000007dad00000,0x00000007dad00000)
  from space 5120K, 99% used [0x00000007dad00000,0x00000007db1fe1a8,0x00000007db200000)
  to   space 24576K, 0% used [0x00000007df500000,0x00000007df500000,0x00000007e0d00000)
 ParOldGen       total 191488K, used 160565K [0x0000000784a00000, 0x0000000790500000, 0x00000007d6e00000)
  object space 191488K, 83% used [0x0000000784a00000,0x000000078e6cd628,0x0000000790500000)
 PSPermGen       total 43520K, used 21573K [0x000000077a400000, 0x000000077ce80000, 0x0000000784a00000)
  object space 43520K, 49% used [0x000000077a400000,0x000000077b911550,0x000000077ce80000)
Event: 7.943 GC heap after
Heap after GC invocations=7 (full 1):
 PSYoungGen      total 136704K, used 1184K [0x00000007d6e00000, 0x00000007e1600000, 0x0000000800000000)
  eden space 112128K, 0% used [0x00000007d6e00000,0x00000007d6e00000,0x00000007ddb80000)
  from space 24576K, 4% used [0x00000007df500000,0x00000007df628020,0x00000007e0d00000)
  to   space 26112K, 0% used [0x00000007ddb80000,0x00000007ddb80000,0x00000007df500000)
 ParOldGen       total 191488K, used 160565K [0x0000000784a00000, 0x0000000790500000, 0x00000007d6e00000)
  object space 191488K, 83% used [0x0000000784a00000,0x000000078e6cd628,0x0000000790500000)
 PSPermGen       total 43520K, used 21573K [0x000000077a400000, 0x000000077ce80000, 0x0000000784a00000)
  object space 43520K, 49% used [0x000000077a400000,0x000000077b911550,0x000000077ce80000)
}
Event: 8.130 GC heap before
{Heap before GC invocations=8 (full 1):
 PSYoungGen      total 136704K, used 113312K [0x00000007d6e00000, 0x00000007e1600000, 0x0000000800000000)
  eden space 112128K, 100% used [0x00000007d6e00000,0x00000007ddb80000,0x00000007ddb80000)
  from space 24576K, 4% used [0x00000007df500000,0x00000007df628020,0x00000007e0d00000)
  to   space 26112K, 0% used [0x00000007ddb80000,0x00000007ddb80000,0x00000007df500000)
 ParOldGen       total 191488K, used 160565K [0x0000000784a00000, 0x0000000790500000, 0x00000007d6e00000)
  object space 191488K, 83% used [0x0000000784a00000,0x000000078e6cd628,0x0000000790500000)
 PSPermGen       total 43520K, used 21573K [0x000000077a400000, 0x000000077ce80000, 0x0000000784a00000)
  object space 43520K, 49% used [0x000000077a400000,0x000000077b911760,0x000000077ce80000)
Event: 8.166 GC heap after
Heap after GC invocations=8 (full 1):
 PSYoungGen      total 138240K, used 20568K [0x00000007d6e00000, 0x00000007e7680000, 0x0000000800000000)
  eden space 112128K, 0% used [0x00000007d6e00000,0x00000007d6e00000,0x00000007ddb80000)
  from space 26112K, 78% used [0x00000007ddb80000,0x00000007def961a8,0x00000007df500000)
  to   space 28672K, 0% used [0x00000007e5a80000,0x00000007e5a80000,0x00000007e7680000)
 ParOldGen       total 340480K, used 308021K [0x0000000784a00000, 0x0000000799680000, 0x00000007d6e00000)
  object space 340480K, 90% used [0x0000000784a00000,0x00000007976cd658,0x0000000799680000)
 PSPermGen       total 43520K, used 21573K [0x000000077a400000, 0x000000077ce80000, 0x0000000784a00000)
  object space 43520K, 49% used [0x000000077a400000,0x000000077b911760,0x000000077ce80000)
}
Event: 8.166 GC heap before
{Heap before GC invocations=9 (full 2):
 PSYoungGen      total 138240K, used 20568K [0x00000007d6e00000, 0x00000007e7680000, 0x0000000800000000)
  eden space 112128K, 0% used [0x00000007d6e00000,0x00000007d6e00000,0x00000007ddb80000)
  from space 26112K, 78% used [0x00000007ddb80000,0x00000007def961a8,0x00000007df500000)
  to   space 28672K, 0% used [0x00000007e5a80000,0x00000007e5a80000,0x00000007e7680000)
 ParOldGen       total 340480K, used 308021K [0x0000000784a00000, 0x0000000799680000, 0x00000007d6e00000)
  object space 340480K, 90% used [0x0000000784a00000,0x00000007976cd658,0x0000000799680000)
 PSPermGen       total 43520K, used 21573K [0x000000077a400000, 0x000000077ce80000, 0x0000000784a00000)
  object space 43520K, 49% used [0x000000077a400000,0x000000077b911760,0x000000077ce80000)
Event: 8.203 GC heap after
Heap after GC invocations=9 (full 2):
 PSYoungGen      total 138240K, used 0K [0x00000007d6e00000, 0x00000007e7680000, 0x0000000800000000)
  eden space 112128K, 0% used [0x00000007d6e00000,0x00000007d6e00000,0x00000007ddb80000)
  from space 26112K, 0% used [0x00000007ddb80000,0x00000007ddb80000,0x00000007df500000)
  to   space 28672K, 0% used [0x00000007e5a80000,0x00000007e5a80000,0x00000007e7680000)
 ParOldGen       total 213504K, used 68846K [0x0000000784a00000, 0x0000000791a80000, 0x00000007d6e00000)
  object space 213504K, 32% used [0x0000000784a00000,0x0000000788d3ba88,0x0000000791a80000)
 PSPermGen       total 48640K, used 21573K [0x000000077a400000, 0x000000077d380000, 0x0000000784a00000)
  object space 48640K, 44% used [0x000000077a400000,0x000000077b911760,0x000000077d380000)
}
Event: 8.409 GC heap before
{Heap before GC invocations=10 (full 3):
 PSYoungGen      total 138240K, used 112128K [0x00000007d6e00000, 0x00000007e7680000, 0x0000000800000000)
  eden space 112128K, 100% used [0x00000007d6e00000,0x00000007ddb80000,0x00000007ddb80000)
  from space 26112K, 0% used [0x00000007ddb80000,0x00000007ddb80000,0x00000007df500000)
  to   space 28672K, 0% used [0x00000007e5a80000,0x00000007e5a80000,0x00000007e7680000)
 ParOldGen       total 213504K, used 134382K [0x0000000784a00000, 0x0000000791a80000, 0x00000007d6e00000)
  object space 213504K, 62% used [0x0000000784a00000,0x000000078cd3ba98,0x0000000791a80000)
 PSPermGen       total 48640K, used 21574K [0x000000077a400000, 0x000000077d380000, 0x0000000784a00000)
  object space 48640K, 44% used [0x000000077a400000,0x000000077b9119b8,0x000000077d380000)
Event: 8.452 GC heap after
Heap after GC invocations=10 (full 3):
 PSYoungGen      total 138240K, used 0K [0x00000007d6e00000, 0x00000007e7680000, 0x0000000800000000)
  eden space 112128K, 0% used [0x00000007d6e00000,0x00000007d6e00000,0x00000007ddb80000)
  from space 26112K, 0% used [0x00000007ddb80000,0x00000007ddb80000,0x00000007df500000)
  to   space 28672K, 0% used [0x00000007e5a80000,0x00000007e5a80000,0x00000007e7680000)
 ParOldGen       total 230400K, used 70559K [0x0000000784a00000, 0x0000000792b00000, 0x00000007d6e00000)
  object space 230400K, 30% used [0x0000000784a00000,0x0000000788ee7da0,0x0000000792b00000)
 PSPermGen       total 47104K, used 21574K [0x000000077a400000, 0x000000077d200000, 0x0000000784a00000)
  object space 47104K, 45% used [0x000000077a400000,0x000000077b9118d8,0x000000077d200000)
}
Event: 8.915 GC heap before
{Heap before GC invocations=11 (full 4):
 PSYoungGen      total 138240K, used 112128K [0x00000007d6e00000, 0x00000007e7680000, 0x0000000800000000)
  eden space 112128K, 100% used [0x00000007d6e00000,0x00000007ddb80000,0x00000007ddb80000)
  from space 26112K, 0% used [0x00000007ddb80000,0x00000007ddb80000,0x00000007df500000)
  to   space 28672K, 0% used [0x00000007e5a80000,0x00000007e5a80000,0x00000007e7680000)
 ParOldGen       total 230400K, used 136095K [0x0000000784a00000, 0x0000000792b00000, 0x00000007d6e00000)
  object space 230400K, 59% used [0x0000000784a00000,0x000000078cee7db0,0x0000000792b00000)
 PSPermGen       total 47104K, used 21574K [0x000000077a400000, 0x000000077d200000, 0x0000000784a00000)
  object space 47104K, 45% used [0x000000077a400000,0x000000077b9118d8,0x000000077d200000)
Event: 8.945 GC heap after
Heap after GC invocations=11 (full 4):
 PSYoungGen      total 138240K, used 0K [0x00000007d6e00000, 0x00000007e7680000, 0x0000000800000000)
  eden space 112128K, 0% used [0x00000007d6e00000,0x00000007d6e00000,0x00000007ddb80000)
  from space 26112K, 0% used [0x00000007ddb80000,0x00000007ddb80000,0x00000007df500000)
  to   space 28672K, 0% used [0x00000007e5a80000,0x00000007e5a80000,0x00000007e7680000)
 ParOldGen       total 249344K, used 70656K [0x0000000784a00000, 0x0000000793d80000, 0x00000007d6e00000)
  object space 249344K, 28% used [0x0000000784a00000,0x0000000788f00338,0x0000000793d80000)
 PSPermGen       total 45056K, used 21574K [0x000000077a400000, 0x000000077d000000, 0x0000000784a00000)
  object space 45056K, 47% used [0x000000077a400000,0x000000077b9118d8,0x000000077d000000)
}

