# JRE version: Java(TM) SE Runtime Environment (8.0_60-b27) (build 1.8.0_60-b27)
# Java VM: Java HotSpot(TM) 64-Bit Server VM (25.60-b23 mixed mode windows-amd64 compressed oops)
Heap:
 PSYoungGen      total 996352K, used 643612K [0x000000076af00000, 0x00000007b5500000, 0x00000007c0000000)
  eden space 804864K, 73% used [0x000000076af00000,0x000000078ed68330,0x000000079c100000)
  from space 191488K, 28% used [0x00000007a9a00000,0x00000007ad01efd8,0x00000007b5500000)
  to   space 206848K, 0% used [0x000000079c100000,0x000000079c100000,0x00000007a8b00000)
 ParOldGen       total 1021440K, used 592602K [0x00000006c0c00000, 0x00000006ff180000, 0x000000076af00000)
  object space 1021440K, 58% used [0x00000006c0c00000,0x00000006e4eb6958,0x00000006ff180000)
 Metaspace       used 23047K, capacity 23563K, committed 23808K, reserved 1071104K
  class space    used 2644K, capacity 2763K, committed 2816K, reserved 1048576K
GC Heap History (10 events):
Event: 24.193 GC heap before
{Heap before GC invocations=43 (full 5):
 PSYoungGen      total 813056K, used 812953K [0x000000076af00000, 0x00000007bca80000, 0x00000007c0000000)
  eden space 758272K, 100% used [0x000000076af00000,0x0000000799380000,0x0000000799380000)
  from space 54784K, 99% used [0x0000000799380000,0x000000079c8e64e0,0x000000079c900000)
  to   space 290304K, 0% used [0x00000007aaf00000,0x00000007aaf00000,0x00000007bca80000)
 ParOldGen       total 1021440K, used 592538K [0x00000006c0c00000, 0x00000006ff180000, 0x000000076af00000)
  object space 1021440K, 58% used [0x00000006c0c00000,0x00000006e4ea6958,0x00000006ff180000)
 Metaspace       used 22938K, capacity 23499K, committed 23552K, reserved 1071104K
  class space    used 2643K, capacity 2763K, committed 2816K, reserved 1048576K
Event: 24.205 GC heap after
Heap after GC invocations=43 (full 5):
 PSYoungGen      total 1051136K, used 55215K [0x000000076af00000, 0x00000007bb980000, 0x00000007c0000000)
  eden space 778240K, 0% used [0x000000076af00000,0x000000076af00000,0x000000079a700000)
  from space 272896K, 20% used [0x00000007aaf00000,0x00000007ae4ebfb8,0x00000007bb980000)
  to   space 270336K, 0% used [0x000000079a700000,0x000000079a700000,0x00000007aaf00000)
 ParOldGen       total 1021440K, used 592546K [0x00000006c0c00000, 0x00000006ff180000, 0x000000076af00000)
  object space 1021440K, 58% used [0x00000006c0c00000,0x00000006e4ea8958,0x00000006ff180000)
 Metaspace       used 22938K, capacity 23499K, committed 23552K, reserved 1071104K
  class space    used 2643K, capacity 2763K, committed 2816K, reserved 1048576K
}
Event: 27.769 GC heap before
{Heap before GC invocations=44 (full 5):
 PSYoungGen      total 1051136K, used 833455K [0x000000076af00000, 0x00000007bb980000, 0x00000007c0000000)
  eden space 778240K, 100% used [0x000000076af00000,0x000000079a700000,0x000000079a700000)
  from space 272896K, 20% used [0x00000007aaf00000,0x00000007ae4ebfb8,0x00000007bb980000)
  to   space 270336K, 0% used [0x000000079a700000,0x000000079a700000,0x00000007aaf00000)
 ParOldGen       total 1021440K, used 592546K [0x00000006c0c00000, 0x00000006ff180000, 0x000000076af00000)
  object space 1021440K, 58% used [0x00000006c0c00000,0x00000006e4ea8958,0x00000006ff180000)
 Metaspace       used 22971K, capacity 23499K, committed 23552K, reserved 1071104K
  class space    used 2643K, capacity 2763K, committed 2816K, reserved 1048576K
Event: 27.781 GC heap after
Heap after GC invocations=44 (full 5):
 PSYoungGen      total 1048576K, used 55328K [0x000000076af00000, 0x00000007ba680000, 0x00000007c0000000)
  eden space 778240K, 0% used [0x000000076af00000,0x000000076af00000,0x000000079a700000)
  from space 270336K, 20% used [0x000000079a700000,0x000000079dd083e8,0x00000007aaf00000)
  to   space 252416K, 0% used [0x00000007ab000000,0x00000007ab000000,0x00000007ba680000)
 ParOldGen       total 1021440K, used 592554K [0x00000006c0c00000, 0x00000006ff180000, 0x000000076af00000)
  object space 1021440K, 58% used [0x00000006c0c00000,0x00000006e4eaa958,0x00000006ff180000)
 Metaspace       used 22971K, capacity 23499K, committed 23552K, reserved 1071104K
  class space    used 2643K, capacity 2763K, committed 2816K, reserved 1048576K
}
Event: 31.354 GC heap before
{Heap before GC invocations=45 (full 5):
 PSYoungGen      total 1048576K, used 833568K [0x000000076af00000, 0x00000007ba680000, 0x00000007c0000000)
  eden space 778240K, 100% used [0x000000076af00000,0x000000079a700000,0x000000079a700000)
  from space 270336K, 20% used [0x000000079a700000,0x000000079dd083e8,0x00000007aaf00000)
  to   space 252416K, 0% used [0x00000007ab000000,0x00000007ab000000,0x00000007ba680000)
 ParOldGen       total 1021440K, used 592554K [0x00000006c0c00000, 0x00000006ff180000, 0x000000076af00000)
  object space 1021440K, 58% used [0x00000006c0c00000,0x00000006e4eaa958,0x00000006ff180000)
 Metaspace       used 23009K, capacity 23563K, committed 23808K, reserved 1071104K
  class space    used 2643K, capacity 2763K, committed 2816K, reserved 1048576K
Event: 31.368 GC heap after
Heap after GC invocations=45 (full 5):
 PSYoungGen      total 1010688K, used 55360K [0x000000076af00000, 0x00000007b8380000, 0x00000007c0000000)
  eden space 794112K, 0% used [0x000000076af00000,0x000000076af00000,0x000000079b680000)
  from space 216576K, 25% used [0x00000007ab000000,0x00000007ae6103e8,0x00000007b8380000)
  to   space 236032K, 0% used [0x000000079b680000,0x000000079b680000,0x00000007a9d00000)
 ParOldGen       total 1021440K, used 592578K [0x00000006c0c00000, 0x00000006ff180000, 0x000000076af00000)
  object space 1021440K, 58% used [0x00000006c0c00000,0x00000006e4eb0958,0x00000006ff180000)
 Metaspace       used 23009K, capacity 23563K, committed 23808K, reserved 1071104K
  class space    used 2643K, capacity 2763K, committed 2816K, reserved 1048576K
}
Event: 34.923 GC heap before
{Heap before GC invocations=46 (full 5):
 PSYoungGen      total 1010688K, used 849472K [0x000000076af00000, 0x00000007b8380000, 0x00000007c0000000)
  eden space 794112K, 100% used [0x000000076af00000,0x000000079b680000,0x000000079b680000)
  from space 216576K, 25% used [0x00000007ab000000,0x00000007ae6103e8,0x00000007b8380000)
  to   space 236032K, 0% used [0x000000079b680000,0x000000079b680000,0x00000007a9d00000)
 ParOldGen       total 1021440K, used 592578K [0x00000006c0c00000, 0x00000006ff180000, 0x000000076af00000)
  object space 1021440K, 58% used [0x00000006c0c00000,0x00000006e4eb0958,0x00000006ff180000)
 Metaspace       used 23030K, capacity 23563K, committed 23808K, reserved 1071104K
  class space    used 2644K, capacity 2763K, committed 2816K, reserved 1048576K
Event: 34.939 GC heap after
Heap after GC invocations=46 (full 5):
 PSYoungGen      total 849920K, used 55343K [0x000000076af00000, 0x00000007b7180000, 0x00000007c0000000)
  eden space 794112K, 0% used [0x000000076af00000,0x000000076af00000,0x000000079b680000)
  from space 55808K, 99% used [0x000000079b680000,0x000000079ec8bfb8,0x000000079ed00000)
  to   space 220672K, 0% used [0x00000007a9a00000,0x00000007a9a00000,0x00000007b7180000)
 ParOldGen       total 1021440K, used 592594K [0x00000006c0c00000, 0x00000006ff180000, 0x000000076af00000)
  object space 1021440K, 58% used [0x00000006c0c00000,0x00000006e4eb4958,0x00000006ff180000)
 Metaspace       used 23030K, capacity 23563K, committed 23808K, reserved 1071104K
  class space    used 2644K, capacity 2763K, committed 2816K, reserved 1048576K
}
Event: 38.919 GC heap before
{Heap before GC invocations=47 (full 5):
 PSYoungGen      total 849920K, used 849455K [0x000000076af00000, 0x00000007b7180000, 0x00000007c0000000)
  eden space 794112K, 100% used [0x000000076af00000,0x000000079b680000,0x000000079b680000)
  from space 55808K, 99% used [0x000000079b680000,0x000000079ec8bfb8,0x000000079ed00000)
  to   space 220672K, 0% used [0x00000007a9a00000,0x00000007a9a00000,0x00000007b7180000)
 ParOldGen       total 1021440K, used 592594K [0x00000006c0c00000, 0x00000006ff180000, 0x000000076af00000)
  object space 1021440K, 58% used [0x00000006c0c00000,0x00000006e4eb4958,0x00000006ff180000)
 Metaspace       used 23037K, capacity 23563K, committed 23808K, reserved 1071104K
  class space    used 2644K, capacity 2763K, committed 2816K, reserved 1048576K
Event: 38.936 GC heap after
Heap after GC invocations=47 (full 5):
 PSYoungGen      total 996352K, used 55419K [0x000000076af00000, 0x00000007b5500000, 0x00000007c0000000)
  eden space 804864K, 0% used [0x000000076af00000,0x000000076af00000,0x000000079c100000)
  from space 191488K, 28% used [0x00000007a9a00000,0x00000007ad01efd8,0x00000007b5500000)
  to   space 206848K, 0% used [0x000000079c100000,0x000000079c100000,0x00000007a8b00000)
 ParOldGen       total 1021440K, used 592602K [0x00000006c0c00000, 0x00000006ff180000, 0x000000076af00000)
  object space 1021440K, 58% used [0x00000006c0c00000,0x00000006e4eb6958,0x00000006ff180000)
 Metaspace       used 23037K, capacity 23563K, committed 23808K, reserved 1071104K
  class space    used 2644K, capacity 2763K, committed 2816K, reserved 1048576K
}

